<?xml version="1.0" encoding="UTF-8"?>
<!-- Generated by org.testng.reporters.JUnitReportReporter -->
<testsuite hostname="DESKTOP-U5I52PG" failures="0" tests="7" name="test.Test2" time="55.828" errors="0" timestamp="14 Oct 2021 15:49:57 GMT">
  <testcase classname="test.Test2" name="TestM1" time="10.309"/>
  <testcase classname="test.Test2" name="TestM4" time="10.682"/>
  <testcase classname="test.Test2" name="TestM6" time="8.013"/>
  <testcase classname="test.Test2" name="TestM2" time="2.504"/>
  <testcase classname="test.Test2" name="TestM5" time="10.445"/>
  <testcase classname="test.Test2" name="TestM7" time="6.218"/>
  <testcase classname="test.Test2" name="TestM3" time="7.657"/>
</testsuite> <!-- test.Test2 -->
