<?xml version="1.0" encoding="UTF-8"?>
<!-- Generated by org.testng.reporters.JUnitReportReporter -->
<testsuite hostname="DESKTOP-U5I52PG" failures="0" tests="3" name="test.Test3" time="30.938" errors="0" timestamp="14 Oct 2021 15:40:24 GMT">
  <testcase classname="test.Test3" name="Test" time="9.982"/>
  <testcase classname="test.Test3" name="Test" time="10.297"/>
  <testcase classname="test.Test3" name="Test" time="10.659"/>
</testsuite> <!-- test.Test3 -->
