<?xml version="1.0" encoding="UTF-8"?>
<!-- Generated by org.testng.reporters.JUnitReportReporter -->
<testsuite hostname="DESKTOP-U5I52PG" failures="0" tests="1" name="Test1" time="6.171" errors="0" timestamp="28 Sep 2021 14:36:15 GMT">
  <testcase classname="Test1" name="mainTest" time="6.171"/>
</testsuite> <!-- Test1 -->
