<?xml version="1.0" encoding="UTF-8"?>
<!-- Generated by org.testng.reporters.JUnitReportReporter -->
<testsuite hostname="DESKTOP-U5I52PG" failures="0" tests="5" name="go.go.pages.Test1" time="22.508" errors="0" timestamp="4 Nov 2021 21:39:41 GMT">
  <testcase classname="go.go.pages.Test1" name="testM1" time="4.217"/>
  <testcase classname="go.go.pages.Test1" name="testM5" time="1.839"/>
  <testcase classname="go.go.pages.Test1" name="testM4" time="7.549"/>
  <testcase classname="go.go.pages.Test1" name="testM2" time="2.855"/>
  <testcase classname="go.go.pages.Test1" name="testM3" time="6.048"/>
</testsuite> <!-- go.go.pages.Test1 -->
