<?xml version="1.0" encoding="UTF-8"?>
<!-- Generated by org.testng.reporters.JUnitReportReporter -->
<testsuite hostname="DESKTOP-U5I52PG" failures="0" tests="7" name="go.go.pages.Test2" time="32.815" errors="0" timestamp="4 Nov 2021 21:58:46 GMT">
  <testcase classname="go.go.pages.Test2" name="testM3" time="5.205"/>
  <testcase classname="go.go.pages.Test2" name="testM1" time="5.244"/>
  <testcase classname="go.go.pages.Test2" name="testM5" time="5.489"/>
  <testcase classname="go.go.pages.Test2" name="testM6" time="5.697"/>
  <testcase classname="go.go.pages.Test2" name="testM7" time="2.679"/>
  <testcase classname="go.go.pages.Test2" name="testM2" time="1.806"/>
  <testcase classname="go.go.pages.Test2" name="testM4" time="6.695"/>
</testsuite> <!-- go.go.pages.Test2 -->
