<?xml version="1.0" encoding="UTF-8"?>
<!-- Generated by org.testng.reporters.JUnitReportReporter -->
<testsuite hostname="DESKTOP-U5I52PG" failures="0" tests="3" name="go.go.pages.Test3" time="19.610" errors="0" timestamp="4 Nov 2021 21:50:49 GMT">
  <testcase classname="go.go.pages.Test3" name="Test" time="5.844"/>
  <testcase classname="go.go.pages.Test3" name="Test" time="5.909"/>
  <testcase classname="go.go.pages.Test3" name="Test" time="7.857"/>
</testsuite> <!-- go.go.pages.Test3 -->
